
[18-11-2017 18:41:04] CRITICAL
Call to undefined function test()
Trowable : Error;
File : C:\OSPanel\domains\MVCcarcass\public\index.php;
Line : 16;

=======================================================================

[18-11-2017 18:41:05] CRITICAL
Call to undefined function test()
Trowable : Error;
File : C:\OSPanel\domains\MVCcarcass\public\index.php;
Line : 16;

=======================================================================

[20-11-2017 20:27:37] CRITICAL
syntax error, unexpected '}'
Trowable : ParseError;
File : C:\OSPanel\domains\MVCcarcass\App\Model.php;
Line : 39;

=======================================================================

[20-11-2017 20:27:37] ALERT
Exception thrown without a stack frame
Fatal Error : CORE_ERROR [16];
File : Unknown;
Line : 0;

=======================================================================

[20-11-2017 20:27:37] NOTICE
ob_end_clean(): failed to delete buffer. No buffer to delete
Error : NOTICE [8];
File : C:\OSPanel\domains\MVCcarcass\App\Components\ErrorHandler.php;
Line : 75;

=======================================================================

[20-11-2017 20:27:37] CRITICAL
syntax error, unexpected '}'
Trowable : ParseError;
File : C:\OSPanel\domains\MVCcarcass\App\Model.php;
Line : 39;

=======================================================================

[20-11-2017 20:27:37] ALERT
Exception thrown without a stack frame
Fatal Error : CORE_ERROR [16];
File : Unknown;
Line : 0;

=======================================================================

[20-11-2017 20:27:37] NOTICE
ob_end_clean(): failed to delete buffer. No buffer to delete
Error : NOTICE [8];
File : C:\OSPanel\domains\MVCcarcass\App\Components\ErrorHandler.php;
Line : 75;

=======================================================================

[21-11-2017 18:53:50] ALERT
Access level to IhorRadchenko\App\Models\User::$fields must be protected (as in class IhorRadchenko\App\Model) or weaker
Fatal Error : COMPILE_ERROR [64];
File : C:\OSPanel\domains\MVCcarcass\App\Models\User.php;
Line : 19;

=======================================================================

[21-11-2017 19:55:08] WARNING
implode(): Invalid arguments passed
Error : WARNING [2];
File : C:\OSPanel\domains\MVCcarcass\App\templates\layouts\header.phtml;
Line : 101;

=======================================================================

[21-11-2017 19:55:09] WARNING
implode(): Invalid arguments passed
Error : WARNING [2];
File : C:\OSPanel\domains\MVCcarcass\App\templates\layouts\header.phtml;
Line : 101;

=======================================================================

[21-11-2017 19:55:27] WARNING
implode(): Invalid arguments passed
Error : WARNING [2];
File : C:\OSPanel\domains\MVCcarcass\App\templates\layouts\header.phtml;
Line : 101;

=======================================================================

[21-11-2017 19:55:27] WARNING
implode(): Invalid arguments passed
Error : WARNING [2];
File : C:\OSPanel\domains\MVCcarcass\App\templates\layouts\header.phtml;
Line : 101;

=======================================================================

[21-11-2017 19:55:28] WARNING
implode(): Invalid arguments passed
Error : WARNING [2];
File : C:\OSPanel\domains\MVCcarcass\App\templates\layouts\header.phtml;
Line : 101;

=======================================================================

[21-11-2017 19:55:28] WARNING
implode(): Invalid arguments passed
Error : WARNING [2];
File : C:\OSPanel\domains\MVCcarcass\App\templates\layouts\header.phtml;
Line : 101;

=======================================================================

[21-11-2017 19:55:30] WARNING
implode(): Invalid arguments passed
Error : WARNING [2];
File : C:\OSPanel\domains\MVCcarcass\App\templates\layouts\header.phtml;
Line : 101;

=======================================================================

[21-11-2017 19:55:31] WARNING
implode(): Invalid arguments passed
Error : WARNING [2];
File : C:\OSPanel\domains\MVCcarcass\App\templates\layouts\header.phtml;
Line : 101;

=======================================================================

[21-11-2017 20:04:39] NOTICE
Array to string conversion
Error : NOTICE [8];
File : C:\OSPanel\domains\MVCcarcass\App\templates\layouts\footer.phtml;
Line : 23;

=======================================================================

[21-11-2017 20:05:23] NOTICE
Array to string conversion
Error : NOTICE [8];
File : C:\OSPanel\domains\MVCcarcass\App\templates\layouts\footer.phtml;
Line : 23;

=======================================================================

[21-11-2017 20:06:21] NOTICE
Array to string conversion
Error : NOTICE [8];
File : C:\OSPanel\domains\MVCcarcass\App\templates\layouts\footer.phtml;
Line : 24;

=======================================================================

[21-11-2017 20:09:30] NOTICE
Array to string conversion
Error : NOTICE [8];
File : C:\OSPanel\domains\MVCcarcass\App\templates\layouts\footer.phtml;
Line : 12;

=======================================================================

[21-11-2017 20:09:31] NOTICE
Array to string conversion
Error : NOTICE [8];
File : C:\OSPanel\domains\MVCcarcass\App\templates\layouts\footer.phtml;
Line : 12;

=======================================================================

[21-11-2017 20:09:37] NOTICE
Array to string conversion
Error : NOTICE [8];
File : C:\OSPanel\domains\MVCcarcass\App\templates\layouts\footer.phtml;
Line : 12;

=======================================================================

[21-11-2017 20:09:37] NOTICE
Array to string conversion
Error : NOTICE [8];
File : C:\OSPanel\domains\MVCcarcass\App\templates\layouts\footer.phtml;
Line : 12;

=======================================================================

[21-11-2017 20:09:58] NOTICE
Array to string conversion
Error : NOTICE [8];
File : C:\OSPanel\domains\MVCcarcass\App\templates\layouts\footer.phtml;
Line : 12;

=======================================================================

[21-11-2017 20:09:59] NOTICE
Array to string conversion
Error : NOTICE [8];
File : C:\OSPanel\domains\MVCcarcass\App\templates\layouts\footer.phtml;
Line : 12;

=======================================================================

[21-11-2017 20:29:54] NOTICE
Array to string conversion
Error : NOTICE [8];
File : C:\OSPanel\domains\MVCcarcass\App\templates\layouts\footer.phtml;
Line : 25;

=======================================================================

[21-11-2017 20:54:48] NOTICE
Array to string conversion
Error : NOTICE [8];
File : C:\OSPanel\domains\MVCcarcass\App\templates\layouts\footer.phtml;
Line : 24;

=======================================================================

[22-11-2017 18:18:44] NOTICE
Array to string conversion
Error : NOTICE [8];
File : C:\OSPanel\domains\MVCcarcass\App\templates\layouts\footer.phtml;
Line : 24;

=======================================================================

[22-11-2017 18:19:12] NOTICE
Array to string conversion
Error : NOTICE [8];
File : C:\OSPanel\domains\MVCcarcass\App\templates\layouts\footer.phtml;
Line : 24;

=======================================================================

[22-11-2017 18:20:53] NOTICE
Array to string conversion
Error : NOTICE [8];
File : C:\OSPanel\domains\MVCcarcass\App\templates\layouts\footer.phtml;
Line : 24;

=======================================================================

[22-11-2017 18:21:20] NOTICE
Array to string conversion
Error : NOTICE [8];
File : C:\OSPanel\domains\MVCcarcass\App\templates\layouts\footer.phtml;
Line : 24;

=======================================================================

[22-11-2017 18:50:50] CRITICAL
Class 'IhorRadchenko\App\Components\Token' not found
Trowable : Error;
File : C:\OSPanel\domains\MVCcarcass\App\templates\layouts\header.phtml;
Line : 118;

=======================================================================

[22-11-2017 18:50:50] CRITICAL
Class 'IhorRadchenko\App\Components\Token' not found
Trowable : Error;
File : C:\OSPanel\domains\MVCcarcass\App\templates\layouts\header.phtml;
Line : 118;

=======================================================================

[22-11-2017 18:50:54] CRITICAL
Class 'IhorRadchenko\App\Components\Token' not found
Trowable : Error;
File : C:\OSPanel\domains\MVCcarcass\App\templates\layouts\header.phtml;
Line : 118;

=======================================================================

[22-11-2017 18:50:55] CRITICAL
Class 'IhorRadchenko\App\Components\Token' not found
Trowable : Error;
File : C:\OSPanel\domains\MVCcarcass\App\templates\layouts\header.phtml;
Line : 118;

=======================================================================

[23-11-2017 17:58:46] EMERGENCY
Ошибка при запросе к бд
Exception : IhorRadchenko\App\Exceptions\DbException;
File : C:\OSPanel\domains\MVCcarcass\App\DataBase.php;
Line : 58;

=======================================================================

[23-11-2017 20:55:53] WARNING
Creating default object from empty value
Error : WARNING [2];
File : C:\OSPanel\domains\MVCcarcass\App\Controller.php;
Line : 48;

=======================================================================

[23-11-2017 20:56:40] WARNING
Creating default object from empty value
Error : WARNING [2];
File : C:\OSPanel\domains\MVCcarcass\App\Controller.php;
Line : 48;

=======================================================================

[23-11-2017 20:58:51] WARNING
Creating default object from empty value
Error : WARNING [2];
File : C:\OSPanel\domains\MVCcarcass\App\Controller.php;
Line : 48;

=======================================================================

[23-11-2017 20:59:24] WARNING
Creating default object from empty value
Error : WARNING [2];
File : C:\OSPanel\domains\MVCcarcass\App\Controller.php;
Line : 48;

=======================================================================

[23-11-2017 21:01:23] WARNING
Creating default object from empty value
Error : WARNING [2];
File : C:\OSPanel\domains\MVCcarcass\App\Controller.php;
Line : 48;

=======================================================================

[23-11-2017 21:01:23] WARNING
A non-numeric value encountered
Error : WARNING [2];
File : C:\OSPanel\domains\MVCcarcass\App\Components\Token.php;
Line : 15;

=======================================================================

[23-11-2017 21:01:24] WARNING
Creating default object from empty value
Error : WARNING [2];
File : C:\OSPanel\domains\MVCcarcass\App\Controller.php;
Line : 48;

=======================================================================

[23-11-2017 21:01:25] WARNING
A non-numeric value encountered
Error : WARNING [2];
File : C:\OSPanel\domains\MVCcarcass\App\Components\Token.php;
Line : 15;

=======================================================================

[23-11-2017 21:01:32] WARNING
A non-numeric value encountered
Error : WARNING [2];
File : C:\OSPanel\domains\MVCcarcass\App\Components\Token.php;
Line : 15;

=======================================================================

[23-11-2017 21:01:34] WARNING
A non-numeric value encountered
Error : WARNING [2];
File : C:\OSPanel\domains\MVCcarcass\App\Components\Token.php;
Line : 15;

=======================================================================

[23-11-2017 21:01:35] WARNING
A non-numeric value encountered
Error : WARNING [2];
File : C:\OSPanel\domains\MVCcarcass\App\Components\Token.php;
Line : 15;

=======================================================================

[23-11-2017 21:01:36] WARNING
A non-numeric value encountered
Error : WARNING [2];
File : C:\OSPanel\domains\MVCcarcass\App\Components\Token.php;
Line : 15;

=======================================================================

[23-11-2017 21:01:38] WARNING
A non-numeric value encountered
Error : WARNING [2];
File : C:\OSPanel\domains\MVCcarcass\App\Components\Token.php;
Line : 15;

=======================================================================

[23-11-2017 21:01:38] WARNING
A non-numeric value encountered
Error : WARNING [2];
File : C:\OSPanel\domains\MVCcarcass\App\Components\Token.php;
Line : 15;

=======================================================================

[23-11-2017 21:01:40] WARNING
A non-numeric value encountered
Error : WARNING [2];
File : C:\OSPanel\domains\MVCcarcass\App\Components\Token.php;
Line : 15;

=======================================================================

[23-11-2017 21:01:40] WARNING
A non-numeric value encountered
Error : WARNING [2];
File : C:\OSPanel\domains\MVCcarcass\App\Components\Token.php;
Line : 15;

=======================================================================

[23-11-2017 21:02:37] WARNING
A non-numeric value encountered
Error : WARNING [2];
File : C:\OSPanel\domains\MVCcarcass\App\Components\Token.php;
Line : 15;

=======================================================================

[23-11-2017 21:02:38] WARNING
A non-numeric value encountered
Error : WARNING [2];
File : C:\OSPanel\domains\MVCcarcass\App\Components\Token.php;
Line : 15;

=======================================================================

[23-11-2017 21:03:00] WARNING
A non-numeric value encountered
Error : WARNING [2];
File : C:\OSPanel\domains\MVCcarcass\App\Components\Token.php;
Line : 15;

=======================================================================

[23-11-2017 21:03:01] WARNING
A non-numeric value encountered
Error : WARNING [2];
File : C:\OSPanel\domains\MVCcarcass\App\Components\Token.php;
Line : 15;

=======================================================================

[23-11-2017 21:14:35] WARNING
Creating default object from empty value
Error : WARNING [2];
File : C:\OSPanel\domains\MVCcarcass\App\Controller.php;
Line : 48;

=======================================================================

[23-11-2017 21:47:35] NOTICE
Undefined index: second_token
Error : NOTICE [8];
File : C:\OSPanel\domains\MVCcarcass\App\templates\layouts\header.phtml;
Line : 71;

=======================================================================

[23-11-2017 21:47:36] NOTICE
Undefined index: second_token
Error : NOTICE [8];
File : C:\OSPanel\domains\MVCcarcass\App\templates\layouts\header.phtml;
Line : 71;

=======================================================================

[23-11-2017 21:47:37] NOTICE
Undefined index: second_token
Error : NOTICE [8];
File : C:\OSPanel\domains\MVCcarcass\App\templates\layouts\header.phtml;
Line : 71;

=======================================================================

[23-11-2017 21:47:40] NOTICE
Undefined index: second_token
Error : NOTICE [8];
File : C:\OSPanel\domains\MVCcarcass\App\templates\layouts\header.phtml;
Line : 71;

=======================================================================

[23-11-2017 21:47:41] NOTICE
Undefined index: second_token
Error : NOTICE [8];
File : C:\OSPanel\domains\MVCcarcass\App\templates\layouts\header.phtml;
Line : 71;

=======================================================================

[23-11-2017 21:47:42] NOTICE
Undefined index: second_token
Error : NOTICE [8];
File : C:\OSPanel\domains\MVCcarcass\App\templates\layouts\header.phtml;
Line : 71;

=======================================================================

[23-11-2017 21:47:43] NOTICE
Undefined index: second_token
Error : NOTICE [8];
File : C:\OSPanel\domains\MVCcarcass\App\templates\layouts\header.phtml;
Line : 71;

=======================================================================

[23-11-2017 21:48:16] CRITICAL
syntax error, unexpected ';', expecting ',' or ')'
Trowable : ParseError;
File : C:\OSPanel\domains\MVCcarcass\App\templates\layouts\header.phtml;
Line : 71;

=======================================================================

[23-11-2017 21:48:17] CRITICAL
syntax error, unexpected ';', expecting ',' or ')'
Trowable : ParseError;
File : C:\OSPanel\domains\MVCcarcass\App\templates\layouts\header.phtml;
Line : 71;

=======================================================================

[24-11-2017 17:14:27] CRITICAL
Call to undefined function Sodium\bin2hex()
Trowable : Error;
File : C:\OSPanel\domains\MVCcarcass\App\Components\Token.php;
Line : 15;

=======================================================================

[24-11-2017 17:14:27] CRITICAL
Call to undefined function Sodium\bin2hex()
Trowable : Error;
File : C:\OSPanel\domains\MVCcarcass\App\Components\Token.php;
Line : 15;

=======================================================================

[24-11-2017 17:14:28] CRITICAL
Call to undefined function Sodium\bin2hex()
Trowable : Error;
File : C:\OSPanel\domains\MVCcarcass\App\Components\Token.php;
Line : 15;

=======================================================================

[24-11-2017 20:18:53] WARNING
Undefined index: login_token
Error : NOTICE [8];
File : C:\OSPanel\domains\MVCcarcass\App\Controllers\User.php;
Line : 53;

=======================================================================

[24-11-2017 20:20:16] WARNING
Undefined index: login_token
Error : NOTICE [8];
File : C:\OSPanel\domains\MVCcarcass\App\Controllers\User.php;
Line : 54;

=======================================================================

[24-11-2017 20:21:16] WARNING
Undefined index: login_token
Error : NOTICE [8];
File : C:\OSPanel\domains\MVCcarcass\App\Controllers\User.php;
Line : 54;

=======================================================================

[24-11-2017 20:21:43] WARNING
Undefined index: login_token
Error : NOTICE [8];
File : C:\OSPanel\domains\MVCcarcass\App\Controllers\User.php;
Line : 54;

=======================================================================

[24-11-2017 20:21:44] WARNING
Undefined index: login_token
Error : NOTICE [8];
File : C:\OSPanel\domains\MVCcarcass\App\Controllers\User.php;
Line : 54;

=======================================================================

[24-11-2017 20:22:22] WARNING
Undefined index: login_token
Error : NOTICE [8];
File : C:\OSPanel\domains\MVCcarcass\App\Controllers\User.php;
Line : 54;

=======================================================================

[24-11-2017 20:22:42] WARNING
Undefined index: login_token
Error : NOTICE [8];
File : C:\OSPanel\domains\MVCcarcass\App\Controllers\User.php;
Line : 53;

=======================================================================

[24-11-2017 20:22:59] WARNING
Undefined index: login_token
Error : NOTICE [8];
File : C:\OSPanel\domains\MVCcarcass\App\Controllers\User.php;
Line : 53;

=======================================================================

[25-11-2017 11:54:51] CRITICAL
Call to undefined method IhorRadchenko\App\Controllers\User::actionPersonalArea()
Trowable : Error;
File : C:\OSPanel\domains\MVCcarcass\App\Controller.php;
Line : 52;

=======================================================================

[25-11-2017 12:06:48] CRITICAL
Call to undefined method IhorRadchenko\App\Controllers\User::actionProfile()
Trowable : Error;
File : C:\OSPanel\domains\MVCcarcass\App\Controller.php;
Line : 52;

=======================================================================

[25-11-2017 12:47:54] ALERT
IhorRadchenko\App\Controllers\User::actionPersonalArea(): The script tried to execute a method or access a property of an incomplete object. Please ensure that the class definition &quot;IhorRadchenko\App\Models\User&quot; of the object you are trying to operate on was loaded _before_ unserialize() gets called or provide a __autoload() function to load the class definition 
Fatal Error : ERROR [1];
File : C:\OSPanel\domains\MVCcarcass\App\Controllers\User.php;
Line : 78;

=======================================================================

[25-11-2017 12:49:20] ALERT
IhorRadchenko\App\View::main(): The script tried to execute a method or access a property of an incomplete object. Please ensure that the class definition &quot;IhorRadchenko\App\Models\User&quot; of the object you are trying to operate on was loaded _before_ unserialize() gets called or provide a __autoload() function to load the class definition 
Fatal Error : ERROR [1];
File : C:\OSPanel\domains\MVCcarcass\App\templates\personal_area\main.phtml;
Line : 14;

=======================================================================

[25-11-2017 12:55:28] CRITICAL
syntax error, unexpected ';'
Trowable : ParseError;
File : C:\OSPanel\domains\MVCcarcass\App\templates\personal_area\main.phtml;
Line : 14;

=======================================================================

[25-11-2017 12:55:49] ALERT
IhorRadchenko\App\Controllers\User::actionPersonalArea(): The script tried to execute a method or access a property of an incomplete object. Please ensure that the class definition &quot;IhorRadchenko\App\Models\User&quot; of the object you are trying to operate on was loaded _before_ unserialize() gets called or provide a __autoload() function to load the class definition 
Fatal Error : ERROR [1];
File : C:\OSPanel\domains\MVCcarcass\App\Controllers\User.php;
Line : 78;

=======================================================================

[25-11-2017 12:57:01] ALERT
Access level to IhorRadchenko\App\Controllers\User::$sideBar must be protected (as in class IhorRadchenko\App\Controller) or weaker
Fatal Error : COMPILE_ERROR [64];
File : C:\OSPanel\domains\MVCcarcass\App\Controllers\User.php;
Line : 18;

=======================================================================

[25-11-2017 12:57:41] CRITICAL
Call to undefined method IhorRadchenko\App\Controllers\User::actionProfile()
Trowable : Error;
File : C:\OSPanel\domains\MVCcarcass\App\Controller.php;
Line : 52;

=======================================================================

[25-11-2017 12:58:22] CRITICAL
Call to undefined method IhorRadchenko\App\Controllers\User::actionProfile()
Trowable : Error;
File : C:\OSPanel\domains\MVCcarcass\App\Controller.php;
Line : 52;

=======================================================================

[25-11-2017 13:36:08] WARNING
Undefined offset: 2
Error : NOTICE [8];
File : C:\OSPanel\domains\MVCcarcass\App\templates\personal_area\sidebar.phtml;
Line : 21;

=======================================================================

[25-11-2017 19:28:21] WARNING
Undefined variable: arraySQL
Error : NOTICE [8];
File : C:\OSPanel\domains\MVCcarcass\App\Model.php;
Line : 154;

=======================================================================

[25-11-2017 19:29:32] WARNING
Undefined variable: arraySQL
Error : NOTICE [8];
File : C:\OSPanel\domains\MVCcarcass\App\Model.php;
Line : 154;

=======================================================================

[25-11-2017 19:29:54] WARNING
Undefined variable: arraySQL
Error : NOTICE [8];
File : C:\OSPanel\domains\MVCcarcass\App\Model.php;
Line : 154;

=======================================================================

[25-11-2017 19:30:18] WARNING
Undefined variable: arraySQL
Error : NOTICE [8];
File : C:\OSPanel\domains\MVCcarcass\App\Model.php;
Line : 154;

=======================================================================

[25-11-2017 19:30:27] WARNING
Undefined variable: arraySQL
Error : NOTICE [8];
File : C:\OSPanel\domains\MVCcarcass\App\Model.php;
Line : 154;

=======================================================================

[25-11-2017 21:32:30] CRITICAL
syntax error, unexpected ')'
Trowable : ParseError;
File : C:\OSPanel\domains\MVCcarcass\App\Controllers\User.php;
Line : 158;

=======================================================================

[26-11-2017 12:26:42] EMERGENCY
Ошибка при добавлении записи из бд
Exception : IhorRadchenko\App\Exceptions\DbException;
File : C:\OSPanel\domains\MVCcarcass\App\DataBase.php;
Line : 117;

=======================================================================

[26-11-2017 12:30:54] EMERGENCY
Ошибка при добавлении записи в бд
Exception : IhorRadchenko\App\Exceptions\DbException;
File : C:\OSPanel\domains\MVCcarcass\App\DataBase.php;
Line : 117;

=======================================================================

[26-11-2017 12:42:49] EMERGENCY
Ошибка при добавлении записи в бд
Exception : IhorRadchenko\App\Exceptions\DbException;
File : C:\OSPanel\domains\MVCcarcass\App\DataBase.php;
Line : 117;

=======================================================================

[26-11-2017 12:44:38] EMERGENCY
Ошибка при добавлении записи в бд: SQLSTATE[42S22]: Column not found: 1054 Unknown column 'ce3d85303a13678e81570aa1ba818c90fbb256c7d62317fae68114f33cef019e' in 'field list'
Exception : IhorRadchenko\App\Exceptions\DbException;
File : C:\OSPanel\domains\MVCcarcass\App\DataBase.php;
Line : 117;

=======================================================================

[26-11-2017 12:54:21] EMERGENCY
Ошибка при добавлении записи в бд: SQLSTATE[42S22]: Column not found: 1054 Unknown column '9cd45bbd8d2f4a11e19c17d795abf83d8de93b2f9503ab630c48de7d801bceb8' in 'field list'
Exception : IhorRadchenko\App\Exceptions\DbException;
File : C:\OSPanel\domains\MVCcarcass\App\DataBase.php;
Line : 118;

=======================================================================

[26-11-2017 12:56:17] WARNING
Array to string conversion
Error : NOTICE [8];
File : C:\OSPanel\domains\MVCcarcass\App\DataBase.php;
Line : 113;

=======================================================================

[26-11-2017 13:23:16] WARNING
Trying to get property of non-object
Error : NOTICE [8];
File : C:\OSPanel\domains\MVCcarcass\public\index.php;
Line : 26;

=======================================================================

[26-11-2017 13:23:16] WARNING
Trying to get property of non-object
Error : NOTICE [8];
File : C:\OSPanel\domains\MVCcarcass\public\index.php;
Line : 26;

=======================================================================

[26-11-2017 13:23:36] WARNING
Trying to get property of non-object
Error : NOTICE [8];
File : C:\OSPanel\domains\MVCcarcass\public\index.php;
Line : 26;

=======================================================================

[26-11-2017 13:23:36] WARNING
Trying to get property of non-object
Error : NOTICE [8];
File : C:\OSPanel\domains\MVCcarcass\public\index.php;
Line : 26;

=======================================================================

[26-11-2017 13:23:37] WARNING
Trying to get property of non-object
Error : NOTICE [8];
File : C:\OSPanel\domains\MVCcarcass\public\index.php;
Line : 26;

=======================================================================

[26-11-2017 13:23:37] WARNING
Trying to get property of non-object
Error : NOTICE [8];
File : C:\OSPanel\domains\MVCcarcass\public\index.php;
Line : 26;

=======================================================================

[26-11-2017 13:23:38] WARNING
Trying to get property of non-object
Error : NOTICE [8];
File : C:\OSPanel\domains\MVCcarcass\public\index.php;
Line : 26;

=======================================================================

[26-11-2017 13:23:39] WARNING
Trying to get property of non-object
Error : NOTICE [8];
File : C:\OSPanel\domains\MVCcarcass\public\index.php;
Line : 26;

=======================================================================

[27-11-2017 18:57:51] CRITICAL
Call to undefined method IhorRadchenko\App\Controllers\Reviews::actionIndex()
Trowable : Error;
File : C:\OSPanel\domains\MVCcarcass\App\Controller.php;
Line : 52;

=======================================================================

[27-11-2017 20:51:00] ERROR
include(C:\OSPanel\domains\MVCcarcass): failed to open stream: Permission denied
Error : WARNING [2];
File : C:\OSPanel\domains\MVCcarcass\App\View.php;
Line : 59;

=======================================================================

[27-11-2017 21:09:34] ALERT
Access level to IhorRadchenko\App\Models\Review::$fields must be protected (as in class IhorRadchenko\App\Model) or weaker
Fatal Error : COMPILE_ERROR [64];
File : C:\OSPanel\domains\MVCcarcass\App\Models\Review.php;
Line : 14;

=======================================================================

[27-11-2017 21:09:36] ALERT
Access level to IhorRadchenko\App\Models\Review::$fields must be protected (as in class IhorRadchenko\App\Model) or weaker
Fatal Error : COMPILE_ERROR [64];
File : C:\OSPanel\domains\MVCcarcass\App\Models\Review.php;
Line : 14;

=======================================================================

[27-11-2017 21:10:02] EMERGENCY
Ошибка при запросе к бд: SQLSTATE[42000]: Syntax error or access violation: 1064 You have an error in your SQL syntax; check the manual that corresponds to your MySQL server version for the right syntax to use near 'ORDER BY id DESC' at line 1
Exception : IhorRadchenko\App\Exceptions\DbException;
File : C:\OSPanel\domains\MVCcarcass\App\DataBase.php;
Line : 75;

=======================================================================

[27-11-2017 21:10:05] EMERGENCY
Ошибка при запросе к бд: SQLSTATE[42000]: Syntax error or access violation: 1064 You have an error in your SQL syntax; check the manual that corresponds to your MySQL server version for the right syntax to use near 'ORDER BY id DESC' at line 1
Exception : IhorRadchenko\App\Exceptions\DbException;
File : C:\OSPanel\domains\MVCcarcass\App\DataBase.php;
Line : 75;

=======================================================================

[27-11-2017 21:39:27] CRITICAL
syntax error, unexpected 'endforeach' (T_ENDFOREACH), expecting elseif (T_ELSEIF) or else (T_ELSE) or endif (T_ENDIF)
Trowable : ParseError;
File : C:\OSPanel\domains\MVCcarcass\App\templates\reviews.phtml;
Line : 21;

=======================================================================

[28-11-2017 20:57:52] CRITICAL
syntax error, unexpected ',', expecting variable (T_VARIABLE)
Trowable : ParseError;
File : C:\OSPanel\domains\MVCcarcass\App\Controllers\Reviews.php;
Line : 28;

=======================================================================

[29-11-2017 18:29:43] ERROR
Creating default object from empty value
Error : WARNING [2];
File : C:\OSPanel\domains\MVCcarcass\App\Controllers\Reviews.php;
Line : 33;

=======================================================================

[29-11-2017 18:30:39] ERROR
Creating default object from empty value
Error : WARNING [2];
File : C:\OSPanel\domains\MVCcarcass\App\Controllers\Reviews.php;
Line : 33;

=======================================================================

[29-11-2017 19:00:15] ERROR
include(C:/OSPanel/domains/MVCcarcassApp/templates/reviews.phtml): failed to open stream: No such file or directory
Error : WARNING [2];
File : C:\OSPanel\domains\MVCcarcass\App\View.php;
Line : 61;

=======================================================================

[29-11-2017 22:17:53] EMERGENCY
Подключение к базе данных не удалось: SQLSTATE[HY000] [1044] Access denied for user 'car_blog_user'@'localhost' to database '1car_blog'
Exception : IhorRadchenko\App\Exceptions\DbException;
File : C:\OSPanel\domains\MVCcarcass\App\DataBase.php;
Line : 42;

=======================================================================

[29-11-2017 22:17:53] CRITICAL
Подключение к базе данных не удалось: SQLSTATE[HY000] [1044] Access denied for user 'car_blog_user'@'localhost' to database '1car_blog'
Trowable : IhorRadchenko\App\Exceptions\DbException;
File : C:\OSPanel\domains\MVCcarcass\App\DataBase.php;
Line : 42;

=======================================================================

[29-11-2017 22:17:54] ALERT
Uncaught IhorRadchenko\App\Exceptions\DbException: Подключение к базе данных не удалось: SQLSTATE[HY000] [1044] Access denied for user 'car_blog_user'@'localhost' to database '1car_blog' in C:\OSPanel\domains\MVCcarcass\App\DataBase.php:42
Stack trace:
#0 C:\OSPanel\domains\MVCcarcass\App\Components\Traits\Singleton.php(39): IhorRadchenko\App\DataBase->__construct()
#1 C:\OSPanel\domains\MVCcarcass\App\Models\Page.php(37): IhorRadchenko\App\DataBase::getInstance()
#2 C:\OSPanel\domains\MVCcarcass\App\Controller.php(49): IhorRadchenko\App\Models\Page::findByLink('<b>IhorRadchenk...')
#3 C:\OSPanel\domains\MVCcarcass\App\Components\ErrorHandler.php(94): IhorRadchenko\App\Controller->action('Error', '<b>IhorRadchenk...')
#4 C:\OSPanel\domains\MVCcarcass\App\Components\ErrorHandler.php(67): IhorRadchenko\App\Components\ErrorHandler->showError('IhorRadchenko\\A...', '\xD0\x9F\xD0\xBE\xD0\xB4\xD0\xBA\xD0\xBB\xD1\x8E\xD1\x87\xD0...', 'C:\\OSPanel\\doma...', 42)
#5 [internal function]: 
Fatal Error : ERROR [1];
File : C:\OSPanel\domains\MVCcarcass\App\DataBase.php;
Line : 42;

=======================================================================

[29-11-2017 22:20:52] EMERGENCY
Подключение к базе данных не удалось: SQLSTATE[HY000] [1044] Access denied for user 'car_blog_user'@'localhost' to database '1car_blog'
Exception : IhorRadchenko\App\Exceptions\DbException;
File : C:\OSPanel\domains\MVCcarcass\App\DataBase.php;
Line : 42;

=======================================================================

[29-11-2017 22:20:53] CRITICAL
Подключение к базе данных не удалось: SQLSTATE[HY000] [1044] Access denied for user 'car_blog_user'@'localhost' to database '1car_blog'
Trowable : IhorRadchenko\App\Exceptions\DbException;
File : C:\OSPanel\domains\MVCcarcass\App\DataBase.php;
Line : 42;

=======================================================================

[29-11-2017 22:20:53] ALERT
Uncaught IhorRadchenko\App\Exceptions\DbException: Подключение к базе данных не удалось: SQLSTATE[HY000] [1044] Access denied for user 'car_blog_user'@'localhost' to database '1car_blog' in C:\OSPanel\domains\MVCcarcass\App\DataBase.php:42
Stack trace:
#0 C:\OSPanel\domains\MVCcarcass\App\Components\Traits\Singleton.php(39): IhorRadchenko\App\DataBase->__construct()
#1 C:\OSPanel\domains\MVCcarcass\App\Models\Page.php(37): IhorRadchenko\App\DataBase::getInstance()
#2 C:\OSPanel\domains\MVCcarcass\App\Controller.php(49): IhorRadchenko\App\Models\Page::findByLink('<b>IhorRadchenk...')
#3 C:\OSPanel\domains\MVCcarcass\App\Components\ErrorHandler.php(94): IhorRadchenko\App\Controller->action('Error', '<b>IhorRadchenk...')
#4 C:\OSPanel\domains\MVCcarcass\App\Components\ErrorHandler.php(67): IhorRadchenko\App\Components\ErrorHandler->showError('IhorRadchenko\\A...', '\xD0\x9F\xD0\xBE\xD0\xB4\xD0\xBA\xD0\xBB\xD1\x8E\xD1\x87\xD0...', 'C:\\OSPanel\\doma...', 42)
#5 [internal function]: 
Fatal Error : ERROR [1];
File : C:\OSPanel\domains\MVCcarcass\App\DataBase.php;
Line : 42;

=======================================================================

[30-11-2017 19:28:47] CRITICAL
syntax error, unexpected '}'
Trowable : ParseError;
File : C:\OSPanel\domains\MVCcarcass\App\Controllers\Reviews.php;
Line : 91;

=======================================================================

[30-11-2017 19:54:19] WARNING
Undefined index: model
Error : NOTICE [8];
File : C:\OSPanel\domains\MVCcarcass\App\Models\Review.php;
Line : 111;

=======================================================================

[30-11-2017 20:26:51] ERROR
Declaration of IhorRadchenko\App\Models\Review::findAll(int $page): array should be compatible with IhorRadchenko\App\Model::findAll(bool $reversedSort = false, string $field = 'id'): array
Error : WARNING [2];
File : C:\OSPanel\domains\MVCcarcass\App\Models\Review.php;
Line : 17;

=======================================================================

[30-11-2017 20:39:55] ERROR
require(C:/OSPanel/domains/MVCcarcass/App/templates/layouts/ajax/review.phtml): failed to open stream: No such file or directory
Error : WARNING [2];
File : C:\OSPanel\domains\MVCcarcass\App\View.php;
Line : 78;

=======================================================================

[30-11-2017 20:39:57] ERROR
require(C:/OSPanel/domains/MVCcarcass/App/templates/layouts/ajax/review.phtml): failed to open stream: No such file or directory
Error : WARNING [2];
File : C:\OSPanel\domains\MVCcarcass\App\View.php;
Line : 78;

=======================================================================

[30-11-2017 20:40:28] ERROR
require(C:/OSPanel/domains/MVCcarcass/App/templates/layouts/ajax/review.phtml): failed to open stream: No such file or directory
Error : WARNING [2];
File : C:\OSPanel\domains\MVCcarcass\App\View.php;
Line : 78;

=======================================================================

[30-11-2017 20:41:06] ERROR
require(C:/OSPanel/domains/MVCcarcass/App/templates/layouts/ajax/review.phtml): failed to open stream: No such file or directory
Error : WARNING [2];
File : C:\OSPanel\domains\MVCcarcass\App\View.php;
Line : 78;

=======================================================================

[30-11-2017 20:42:40] ERROR
require(C:/OSPanel/domains/MVCcarcass/App/templates/layouts/ajax/review.phtml): failed to open stream: No such file or directory
Error : WARNING [2];
File : C:\OSPanel\domains\MVCcarcass\App\View.php;
Line : 78;

=======================================================================

[30-11-2017 20:45:08] ERROR
require(C:/OSPanel/domains/MVCcarcass/App/templates/layouts/ajax/review.phtml): failed to open stream: No such file or directory
Error : WARNING [2];
File : C:\OSPanel\domains\MVCcarcass\App\View.php;
Line : 78;

=======================================================================

[30-11-2017 20:45:56] ERROR
require(C:/OSPanel/domains/MVCcarcass/App/templates/layouts/ajax/review.phtml): failed to open stream: No such file or directory
Error : WARNING [2];
File : C:\OSPanel\domains\MVCcarcass\App\View.php;
Line : 79;

=======================================================================

[30-11-2017 20:46:21] ERROR
require(C:/OSPanel/domains/MVCcarcass/App/templates/layouts/ajax/review.phtml): failed to open stream: No such file or directory
Error : WARNING [2];
File : C:\OSPanel\domains\MVCcarcass\App\View.php;
Line : 79;

=======================================================================

[30-11-2017 20:47:21] ERROR
require(C:/OSPanel/domains/MVCcarcass/App/templates/layouts/ajax/review.phtml): failed to open stream: No such file or directory
Error : WARNING [2];
File : C:\OSPanel\domains\MVCcarcass\App\View.php;
Line : 79;

=======================================================================

[30-11-2017 21:02:14] ERROR
Creating default object from empty value
Error : WARNING [2];
File : C:\OSPanel\domains\MVCcarcass\App\Controllers\Reviews.php;
Line : 40;

=======================================================================

[30-11-2017 21:02:31] ERROR
Creating default object from empty value
Error : WARNING [2];
File : C:\OSPanel\domains\MVCcarcass\App\Controllers\Reviews.php;
Line : 40;

=======================================================================

[30-11-2017 21:10:19] WARNING
Undefined variable: totalPage
Error : NOTICE [8];
File : C:\OSPanel\domains\MVCcarcass\App\templates\reviews.phtml;
Line : 3;

=======================================================================

[30-11-2017 21:15:03] EMERGENCY
Ошибка при подсчете кол-ва записей в бд: SQLSTATE[42000]: Syntax error or access violation: 1064 You have an error in your SQL syntax; check the manual that corresponds to your MySQL server version for the right syntax to use near 'IN 
                (SELECT cars.id FROM cars WHERE brand_id = 
              ' at line 1
Exception : IhorRadchenko\App\Exceptions\DbException;
File : C:\OSPanel\domains\MVCcarcass\App\DataBase.php;
Line : 100;

=======================================================================

[30-11-2017 21:16:06] EMERGENCY
Ошибка при подсчете кол-ва записей в бд: SQLSTATE[42000]: Syntax error or access violation: 1064 You have an error in your SQL syntax; check the manual that corresponds to your MySQL server version for the right syntax to use near 'IN 
                (SELECT cars.id FROM cars WHERE brand_id = 
              ' at line 1
Exception : IhorRadchenko\App\Exceptions\DbException;
File : C:\OSPanel\domains\MVCcarcass\App\DataBase.php;
Line : 100;

=======================================================================

[30-11-2017 21:17:50] CRITICAL
Too few arguments to function IhorRadchenko\App\Models\Review::getCountReview(), 0 passed in C:\OSPanel\domains\MVCcarcass\App\Controllers\Reviews.php on line 41 and exactly 1 expected
Trowable : ArgumentCountError;
File : C:\OSPanel\domains\MVCcarcass\App\Models\Review.php;
Line : 134;

=======================================================================

[30-11-2017 21:19:14] CRITICAL
Too few arguments to function IhorRadchenko\App\Models\Review::getCountReview(), 0 passed in C:\OSPanel\domains\MVCcarcass\App\Controllers\Reviews.php on line 41 and exactly 1 expected
Trowable : ArgumentCountError;
File : C:\OSPanel\domains\MVCcarcass\App\Models\Review.php;
Line : 134;

=======================================================================

[30-11-2017 21:19:16] CRITICAL
Too few arguments to function IhorRadchenko\App\Models\Review::getCountReview(), 0 passed in C:\OSPanel\domains\MVCcarcass\App\Controllers\Reviews.php on line 41 and exactly 1 expected
Trowable : ArgumentCountError;
File : C:\OSPanel\domains\MVCcarcass\App\Models\Review.php;
Line : 134;

=======================================================================

[30-11-2017 21:24:10] WARNING
Undefined variable: totalPage
Error : NOTICE [8];
File : C:\OSPanel\domains\MVCcarcass\App\templates\reviews.phtml;
Line : 3;

=======================================================================
